{"level":"error","message":"❌ Failed to create user vamsi@gmail.com: User already exists with this email","service":"auth-services","timestamp":"2025-06-04T05:30:24.030Z"}
{"level":"error","message":"❌ Failed to create user vamsi@gmail.com: User already exists with this email","service":"auth-services","timestamp":"2025-06-04T05:31:40.840Z"}
{"level":"error","message":"❌ Failed to create user chinni@gmail.com: E11000 duplicate key error collection: wordb.users index: mobile_1 dup key: { mobile: null }","service":"auth-services","timestamp":"2025-06-04T05:31:55.965Z"}
{"level":"error","message":"❌ Failed to create user chinni@gmail.com: E11000 duplicate key error collection: wordb.users index: mobile_1 dup key: { mobile: null }","service":"auth-services","timestamp":"2025-06-04T05:33:33.578Z"}
{"level":"error","message":"❌ Failed to Login vamsi@gmail.com Error: User not found","service":"auth-services","timestamp":"2025-06-04T05:36:39.177Z"}
{"level":"error","message":"❌ Failed to Login chinni@gmail.com Error: Invalid credentials","service":"auth-services","timestamp":"2025-06-04T05:36:55.549Z"}
{"level":"error","message":"❌ Failed to Login chinni@gmail.com Error: secretOrPrivateKey must have a value","service":"auth-services","timestamp":"2025-06-04T05:36:59.900Z"}
{"code":"LIMIT_FILE_SIZE","field":"image","level":"error","message":"File too large","name":"MulterError","service":"auth-services","stack":"MulterError: File too large\n    at abortWithCode (C:\\vamsi\\church\\server\\node_modules\\multer\\lib\\make-middleware.js:85:22)\n    at FileStream.<anonymous> (C:\\vamsi\\church\\server\\node_modules\\multer\\lib\\make-middleware.js:150:11)\n    at FileStream.emit (node:events:524:28)\n    at SBMH.ssCb [as _cb] (C:\\vamsi\\church\\server\\node_modules\\busboy\\lib\\types\\multipart.js:479:32)\n    at feed (C:\\vamsi\\church\\server\\node_modules\\streamsearch\\lib\\sbmh.js:248:10)\n    at SBMH.push (C:\\vamsi\\church\\server\\node_modules\\streamsearch\\lib\\sbmh.js:104:16)\n    at Multipart._write (C:\\vamsi\\church\\server\\node_modules\\busboy\\lib\\types\\multipart.js:567:19)\n    at writeOrBuffer (node:internal/streams/writable:572:12)\n    at _write (node:internal/streams/writable:501:10)\n    at Writable.write (node:internal/streams/writable:510:10)","storageErrors":[],"timestamp":"2025-06-04T06:27:13.836Z"}
{"level":"error","message":"❌Failed to fetch contact form : Contact.find(...).sort(...).skp is not a function","service":"auth-services","timestamp":"2025-06-04T12:14:33.324Z"}
{"level":"error","message":"❌Failed to fetch contact form : Contact.find(...).sort(...).skp is not a function","service":"auth-services","timestamp":"2025-06-04T12:14:33.365Z"}
{"level":"error","message":"❌Failed to fetch contact form : Cannot read properties of undefined (reading 'get')","service":"auth-services","timestamp":"2025-06-04T12:26:52.727Z"}
{"level":"error","message":"❌Failed to fetch contact form : Cannot read properties of undefined (reading 'get')","service":"auth-services","timestamp":"2025-06-04T12:27:11.756Z"}
{"level":"error","message":"❌ Failed to fetch contacts: Cannot read properties of undefined (reading 'get')","service":"auth-services","timestamp":"2025-06-04T12:28:19.886Z"}
{"level":"error","message":"❌ Failed to fetch contacts: Cannot read properties of undefined (reading 'get')","service":"auth-services","timestamp":"2025-06-04T12:30:14.489Z"}
{"level":"error","message":"❌ Failed to fetch contacts: Cannot read properties of undefined (reading 'get')","service":"auth-services","timestamp":"2025-06-04T12:30:33.044Z"}
{"level":"error","message":"❌Failed to fetch contact form : BSON field 'skip' value must be >= 0, actual value '-10'","service":"auth-services","timestamp":"2025-06-04T13:02:06.905Z"}
{"level":"error","message":"❌Failed to get prayer request : filter is not defined","service":"auth-services","timestamp":"2025-06-05T05:51:30.527Z"}
{"level":"error","message":"❌Failed to get prayer request : filter is not defined","service":"auth-services","timestamp":"2025-06-05T05:51:30.536Z"}
{"level":"error","message":"❌ Unknown error occured while uploading: Multipart: Boundary not found","service":"auth-services","stack":"Error: Multipart: Boundary not found\n    at new Multipart (C:\\vamsi\\church\\server\\node_modules\\busboy\\lib\\types\\multipart.js:233:13)\n    at getInstance (C:\\vamsi\\church\\server\\node_modules\\busboy\\lib\\index.js:33:12)\n    at module.exports (C:\\vamsi\\church\\server\\node_modules\\busboy\\lib\\index.js:56:10)\n    at multerMiddleware (C:\\vamsi\\church\\server\\node_modules\\multer\\lib\\make-middleware.js:38:16)\n    at file:///C:/vamsi/church/server/middlewares/handleMulterUpload.js:5:3\n    at Layer.handleRequest (C:\\vamsi\\church\\server\\node_modules\\router\\lib\\layer.js:152:17)\n    at next (C:\\vamsi\\church\\server\\node_modules\\router\\lib\\route.js:157:13)\n    at Route.dispatch (C:\\vamsi\\church\\server\\node_modules\\router\\lib\\route.js:117:3)\n    at handle (C:\\vamsi\\church\\server\\node_modules\\router\\index.js:435:11)\n    at Layer.handleRequest (C:\\vamsi\\church\\server\\node_modules\\router\\lib\\layer.js:152:17)","timestamp":"2025-06-05T09:51:20.973Z"}
{"level":"error","message":"❌ Unknown error occured while uploading: Multipart: Boundary not found","service":"auth-services","stack":"Error: Multipart: Boundary not found\n    at new Multipart (C:\\vamsi\\church\\server\\node_modules\\busboy\\lib\\types\\multipart.js:233:13)\n    at getInstance (C:\\vamsi\\church\\server\\node_modules\\busboy\\lib\\index.js:33:12)\n    at module.exports (C:\\vamsi\\church\\server\\node_modules\\busboy\\lib\\index.js:56:10)\n    at multerMiddleware (C:\\vamsi\\church\\server\\node_modules\\multer\\lib\\make-middleware.js:38:16)\n    at file:///C:/vamsi/church/server/middlewares/handleMulterUpload.js:5:3\n    at Layer.handleRequest (C:\\vamsi\\church\\server\\node_modules\\router\\lib\\layer.js:152:17)\n    at next (C:\\vamsi\\church\\server\\node_modules\\router\\lib\\route.js:157:13)\n    at Route.dispatch (C:\\vamsi\\church\\server\\node_modules\\router\\lib\\route.js:117:3)\n    at handle (C:\\vamsi\\church\\server\\node_modules\\router\\index.js:435:11)\n    at Layer.handleRequest (C:\\vamsi\\church\\server\\node_modules\\router\\lib\\layer.js:152:17)","timestamp":"2025-06-05T09:52:07.951Z"}
{"level":"error","message":"❌ Edit Blog Error: BlogModel is not defined","service":"auth-services","timestamp":"2025-06-05T09:53:11.292Z"}
{"level":"error","message":"❌Failed to submit contact form undefined: undefined","service":"auth-services","timestamp":"2025-06-05T10:19:14.076Z"}
{"level":"error","message":"❌Failed to submit contact form undefined: Cannot destructure property 'firstName' of 'undefined' as it is undefined.","service":"auth-services","timestamp":"2025-06-05T10:19:28.302Z"}
{"level":"error","message":"❌Failed to submit contact form undefined: Cannot destructure property 'firstName' of 'undefined' as it is undefined.","service":"auth-services","timestamp":"2025-06-05T10:20:06.074Z"}
{"level":"error","message":"❌ Error fetching blogs text index required for $text query","service":"auth-services","timestamp":"2025-06-06T05:47:36.046Z"}
{"level":"error","message":"❌ Failed to update Services: Service validation failed: day: Path `day` is required., department: Path `department` is required., service1: Path `service1` is required.","service":"auth-services","timestamp":"2025-08-09T15:39:25.249Z"}
{"level":"error","message":"❌ Failed to update Services: Service validation failed: day: Path `day` is required., department: Path `department` is required., service1: Path `service1` is required.","service":"auth-services","timestamp":"2025-08-09T15:40:31.671Z"}
{"level":"error","message":"❌ Failed to update Service: Cast to ObjectId failed for value \"undefined\" (type string) at path \"_id\" for model \"Service\"","service":"auth-services","timestamp":"2025-08-09T16:05:26.973Z"}
{"level":"error","message":"❌ Failed to update Service: Cast to ObjectId failed for value \"undefined\" (type string) at path \"_id\" for model \"Service\"","service":"auth-services","timestamp":"2025-08-09T16:07:20.013Z"}
{"level":"error","message":"❌ Failed to update Service: Cast to ObjectId failed for value \"undefined\" (type string) at path \"_id\" for model \"Service\"","service":"auth-services","timestamp":"2025-08-09T16:08:39.460Z"}
{"level":"error","message":"❌ Failed to update latest message at homepage: HomePageModal is not defined","service":"auth-services","timestamp":"2026-04-10T05:45:40.327Z"}
{"level":"error","message":"❌ Failed to update latest message at homepage: HomePageModal is not defined","service":"auth-services","timestamp":"2026-04-10T05:45:40.848Z"}
{"level":"error","message":"❌Failed to fetch testimonial details : Testimonial.countDocuments is not a function","service":"auth-services","timestamp":"2026-04-10T05:45:56.129Z"}
{"level":"error","message":"❌ Failed to update latest message at homepage: HomePageModal is not defined","service":"auth-services","timestamp":"2026-04-10T05:45:56.713Z"}
{"level":"error","message":"❌ Failed to update latest message at homepage: HomePageModal is not defined","service":"auth-services","timestamp":"2026-04-10T05:48:06.691Z"}
{"level":"error","message":"❌Failed to fetch testimonial details : Testimonial.countDocuments is not a function","service":"auth-services","timestamp":"2026-04-10T05:48:06.786Z"}
{"level":"error","message":"❌ Failed to update latest message at homepage: Converting circular structure to JSON\n    --> starting at object with constructor 'Sequelize'\n    |     property 'dialect' -> object with constructor 'MysqlDialect'\n    --- property 'sequelize' closes the circle","service":"auth-services","timestamp":"2026-04-10T05:53:47.215Z"}
{"level":"error","message":"❌ Failed to update latest message at homepage: Converting circular structure to JSON\n    --> starting at object with constructor 'Sequelize'\n    |     property 'dialect' -> object with constructor 'MysqlDialect'\n    --- property 'sequelize' closes the circle","service":"auth-services","timestamp":"2026-04-10T05:58:16.444Z"}
{"level":"error","message":"❌ Failed to update latest message at homepage: Converting circular structure to JSON\n    --> starting at object with constructor 'Sequelize'\n    |     property 'dialect' -> object with constructor 'MysqlDialect'\n    --- property 'sequelize' closes the circle","service":"auth-services","timestamp":"2026-04-10T06:03:37.980Z"}
{"level":"error","message":"❌ Failed to edit Gallery category  : Truncated incorrect INTEGER value: 'undefined'","service":"auth-services","timestamp":"2026-04-10T06:28:26.690Z"}
{"level":"error","message":"❌Error marking as prayed: Truncated incorrect INTEGER value: 'undefined'","service":"auth-services","timestamp":"2026-04-10T07:15:26.898Z"}
{"level":"error","message":"❌Error marking as prayed: Truncated incorrect INTEGER value: 'undefined'","service":"auth-services","timestamp":"2026-04-10T09:10:51.048Z"}
{"level":"error","message":"❌ Failed to update Services: Validation error","service":"auth-services","timestamp":"2026-04-11T05:20:06.834Z"}
